Question5/app/build/intermediates/manifest_merge_blame_file/debug/manifest-merger-blame-debug-report.txt
1<?xml version="1.0" encoding="utf-8"?>
2<manifest xmlns:android="http://schemas.android.com/apk/res/android"
3    package="com.example.photoapp"
4    android:versionCode="1"
5    android:versionName="1.0" >
6
7    <uses-sdk
8        android:minSdkVersion="24"
9        android:targetSdkVersion="33" />
10
11    <!-- Permissions -->
12    <uses-permission android:name="android.permission.CAMERA" />
12-->src\main\AndroidManifest.xml:7:5-65
12-->src\main\AndroidManifest.xml:7:22-62
13    <uses-permission android:name="android.permission.READ_EXTERNAL_STORAGE" />
13-->src\main\AndroidManifest.xml:8:5-80
13-->src\main\AndroidManifest.xml:8:22-77
14    <uses-permission
14-->src\main\AndroidManifest.xml:9:5-10:38
15        android:name="android.permission.WRITE_EXTERNAL_STORAGE"
15-->src\main\AndroidManifest.xml:9:22-78
16        android:maxSdkVersion="28" />
16-->src\main\AndroidManifest.xml:10:9-35
17
18    <!-- Declare that camera is used but not required -->
19    <uses-feature
19-->src\main\AndroidManifest.xml:13:5-85
20        android:name="android.hardware.camera"
20-->src\main\AndroidManifest.xml:13:19-57
21        android:required="false" />
21-->src\main\AndroidManifest.xml:13:58-82
22
23    <permission
23-->[androidx.core:core:1.13.0] AndroidManifest.xml:22:5-24:47
24        android:name="com.example.photoapp.DYNAMIC_RECEIVER_NOT_EXPORTED_PERMISSION"
24-->[androidx.core:core:1.13.0] AndroidManifest.xml:23:9-81
25        android:protectionLevel="signature" />
25-->[androidx.core:core:1.13.0] AndroidManifest.xml:24:9-44
26
27    <uses-permission android:name="com.example.photoapp.DYNAMIC_RECEIVER_NOT_EXPORTED_PERMISSION" />
27-->[androidx.core:core:1.13.0] AndroidManifest.xml:26:5-97
27-->[androidx.core:core:1.13.0] AndroidManifest.xml:26:22-94
28
29    <application
29-->src\main\AndroidManifest.xml:15:5-48:19
30        android:allowBackup="true"
30-->src\main\AndroidManifest.xml:16:9-35
31        android:appComponentFactory="androidx.core.app.CoreComponentFactory"
31-->[androidx.core:core:1.13.0] AndroidManifest.xml:28:18-86
32        android:dataExtractionRules="@xml/data_extraction_rules"
32-->src\main\AndroidManifest.xml:17:9-65
33        android:debuggable="true"
34        android:extractNativeLibs="false"
35        android:fullBackupContent="@xml/backup_rules"
35-->src\main\AndroidManifest.xml:18:9-54
36        android:icon="@mipmap/ic_launcher"
36-->src\main\AndroidManifest.xml:19:9-43
37        android:label="@string/app_name"
37-->src\main\AndroidManifest.xml:20:9-41
38        android:requestLegacyExternalStorage="true"
38-->src\main\AndroidManifest.xml:24:9-52
39        android:roundIcon="@mipmap/ic_launcher_round"
39-->src\main\AndroidManifest.xml:21:9-54
40        android:supportsRtl="true"
40-->src\main\AndroidManifest.xml:22:9-35
41        android:testOnly="true"
42        android:theme="@style/Theme.Photoapp" >
42-->src\main\AndroidManifest.xml:23:9-46
43        <activity
43-->src\main\AndroidManifest.xml:27:9-34:20
44            android:name="com.example.photoapp.MainActivity"
44-->src\main\AndroidManifest.xml:28:13-41
45            android:exported="true" >
45-->src\main\AndroidManifest.xml:29:13-36
46            <intent-filter>
46-->src\main\AndroidManifest.xml:30:13-33:29
47                <action android:name="android.intent.action.MAIN" />
47-->src\main\AndroidManifest.xml:31:17-69
47-->src\main\AndroidManifest.xml:31:25-66
48
49                <category android:name="android.intent.category.LAUNCHER" />
49-->src\main\AndroidManifest.xml:32:17-77
49-->src\main\AndroidManifest.xml:32:27-74
50            </intent-filter>
51        </activity>
52        <activity android:name="com.example.photoapp.GalleryActivity" />
52-->src\main\AndroidManifest.xml:35:9-53
52-->src\main\AndroidManifest.xml:35:19-50
53        <activity android:name="com.example.photoapp.ImageDetailsActivity" />
53-->src\main\AndroidManifest.xml:36:9-58
53-->src\main\AndroidManifest.xml:36:19-55
54
55        <!-- FileProvider configuration -->
56        <provider
57            android:name="androidx.core.content.FileProvider"
57-->src\main\AndroidManifest.xml:40:13-62
58            android:authorities="com.example.photoapp.fileprovider"
58-->src\main\AndroidManifest.xml:41:13-64
59            android:exported="false"
59-->src\main\AndroidManifest.xml:42:13-37
60            android:grantUriPermissions="true" >
60-->src\main\AndroidManifest.xml:43:13-47
61            <meta-data
61-->src\main\AndroidManifest.xml:44:13-46:54
62                android:name="android.support.FILE_PROVIDER_PATHS"
62-->src\main\AndroidManifest.xml:45:17-67
63                android:resource="@xml/file_paths" />
63-->src\main\AndroidManifest.xml:46:17-51
64        </provider>
65        <provider
65-->[androidx.emoji2:emoji2:1.3.0] AndroidManifest.xml:24:9-32:20
66            android:name="androidx.startup.InitializationProvider"
66-->[androidx.emoji2:emoji2:1.3.0] AndroidManifest.xml:25:13-67
67            android:authorities="com.example.photoapp.androidx-startup"
67-->[androidx.emoji2:emoji2:1.3.0] AndroidManifest.xml:26:13-68
68            android:exported="false" >
68-->[androidx.emoji2:emoji2:1.3.0] AndroidManifest.xml:27:13-37
69            <meta-data
69-->[androidx.emoji2:emoji2:1.3.0] AndroidManifest.xml:29:13-31:52
70                android:name="androidx.emoji2.text.EmojiCompatInitializer"
70-->[androidx.emoji2:emoji2:1.3.0] AndroidManifest.xml:30:17-75
71                android:value="androidx.startup" />
71-->[androidx.emoji2:emoji2:1.3.0] AndroidManifest.xml:31:17-49
72            <meta-data
72-->[androidx.lifecycle:lifecycle-process:2.6.2] AndroidManifest.xml:29:13-31:52
73                android:name="androidx.lifecycle.ProcessLifecycleInitializer"
73-->[androidx.lifecycle:lifecycle-process:2.6.2] AndroidManifest.xml:30:17-78
74                android:value="androidx.startup" />
74-->[androidx.lifecycle:lifecycle-process:2.6.2] AndroidManifest.xml:31:17-49
75            <meta-data
75-->[androidx.profileinstaller:profileinstaller:1.4.0] AndroidManifest.xml:29:13-31:52
76                android:name="androidx.profileinstaller.ProfileInstallerInitializer"
76-->[androidx.profileinstaller:profileinstaller:1.4.0] AndroidManifest.xml:30:17-85
77                android:value="androidx.startup" />
77-->[androidx.profileinstaller:profileinstaller:1.4.0] AndroidManifest.xml:31:17-49
78        </provider>
79
80        <receiver
80-->[androidx.profileinstaller:profileinstaller:1.4.0] AndroidManifest.xml:34:9-52:20
81            android:name="androidx.profileinstaller.ProfileInstallReceiver"
81-->[androidx.profileinstaller:profileinstaller:1.4.0] AndroidManifest.xml:35:13-76
82            android:directBootAware="false"
82-->[androidx.profileinstaller:profileinstaller:1.4.0] AndroidManifest.xml:36:13-44
83            android:enabled="true"
83-->[androidx.profileinstaller:profileinstaller:1.4.0] AndroidManifest.xml:37:13-35
84            android:exported="true"
84-->[androidx.profileinstaller:profileinstaller:1.4.0] AndroidManifest.xml:38:13-36
85            android:permission="android.permission.DUMP" >
85-->[androidx.profileinstaller:profileinstaller:1.4.0] AndroidManifest.xml:39:13-57
86            <intent-filter>
86-->[androidx.profileinstaller:profileinstaller:1.4.0] AndroidManifest.xml:40:13-42:29
87                <action android:name="androidx.profileinstaller.action.INSTALL_PROFILE" />
87-->[androidx.profileinstaller:profileinstaller:1.4.0] AndroidManifest.xml:41:17-91
87-->[androidx.profileinstaller:profileinstaller:1.4.0] AndroidManifest.xml:41:25-88
88            </intent-filter>
89            <intent-filter>
89-->[androidx.profileinstaller:profileinstaller:1.4.0] AndroidManifest.xml:43:13-45:29
90                <action android:name="androidx.profileinstaller.action.SKIP_FILE" />
90-->[androidx.profileinstaller:profileinstaller:1.4.0] AndroidManifest.xml:44:17-85
90-->[androidx.profileinstaller:profileinstaller:1.4.0] AndroidManifest.xml:44:25-82
91            </intent-filter>
92            <intent-filter>
92-->[androidx.profileinstaller:profileinstaller:1.4.0] AndroidManifest.xml:46:13-48:29
93                <action android:name="androidx.profileinstaller.action.SAVE_PROFILE" />
93-->[androidx.profileinstaller:profileinstaller:1.4.0] AndroidManifest.xml:47:17-88
93-->[androidx.profileinstaller:profileinstaller:1.4.0] AndroidManifest.xml:47:25-85
94            </intent-filter>
95            <intent-filter>
95-->[androidx.profileinstaller:profileinstaller:1.4.0] AndroidManifest.xml:49:13-51:29
96                <action android:name="androidx.profileinstaller.action.BENCHMARK_OPERATION" />
96-->[androidx.profileinstaller:profileinstaller:1.4.0] AndroidManifest.xml:50:17-95
96-->[androidx.profileinstaller:profileinstaller:1.4.0] AndroidManifest.xml:50:25-92
97            </intent-filter>
98        </receiver>
99    </application>
100
101</manifest>